[debug] [2025-12-24T09:50:59.859Z] ----------------------------------------------------------------------
[debug] [2025-12-24T09:50:59.865Z] Command:       C:\Program Files\nodejs\node.exe C:\Users\amrmi\AppData\Roaming\npm\node_modules\firebase-tools\lib\bin\firebase.js init hosting
[debug] [2025-12-24T09:50:59.865Z] CLI Version:   15.1.0
[debug] [2025-12-24T09:50:59.865Z] Platform:      win32
[debug] [2025-12-24T09:50:59.865Z] Node Version:  v24.12.0
[debug] [2025-12-24T09:50:59.866Z] Time:          Wed Dec 24 2025 17:50:59 GMT+0800 (Malaysia Time)
[debug] [2025-12-24T09:50:59.866Z] ----------------------------------------------------------------------
[debug] 
[info] 
     ######## #### ########  ######## ########     ###     ######  ########
     ##        ##  ##     ## ##       ##     ##  ##   ##  ##       ##
     ######    ##  ########  ######   ########  #########  ######  ######
     ##        ##  ##    ##  ##       ##     ## ##     ##       ## ##
     ##       #### ##     ## ######## ########  ##     ##  ######  ########

You're about to initialize a Firebase project in this directory:

  C:\UTeM\SEM 7\idp\Apps\vscode101\IDProject\nutrien_soil_app\nutrien_soil_web

Before we get started, keep in mind:

  * You are currently outside your home directory

[info] 
=== Project Setup
[info] 
[info] First, let's associate this project directory with a Firebase project.
[info] You can create multiple project aliases by running firebase use --add, 
[info] 
